<?xml version="1.0" encoding="UTF-8"?>
<testng-results ignored="0" total="6" passed="5" failed="1" skipped="0">
  <reporter-output>
    <line>
      <![CDATA[[INFO ] [2023-03-25 22:26:22,479] OS name = mac os x
<br>]]>
    </line>
    <line>
      <![CDATA[[INFO ] [2023-03-25 22:26:22,481] Driver instance name = firefoxdriver: firefox on mac (03f22cf8-cca8-4972-a311-aa44f8809779)
<br>]]>
    </line>
  </reporter-output>
  <suite started-at="2023-03-25T15:25:51Z" name="Nopcommerce" finished-at="2023-03-25T15:26:22Z" duration-ms="31754">
    <groups>
    </groups>
    <test started-at="2023-03-25T15:25:51Z" name="Run on firefox" finished-at="2023-03-25T15:26:22Z" duration-ms="31754">
      <class name="com.nopcommerce.user.Register">
        <test-method is-config="true" signature="initBeforeSuite()[pri:0, instance:com.nopcommerce.user.Register@34e20e6b]" started-at="2023-03-25T15:25:51Z" name="initBeforeSuite" finished-at="2023-03-25T15:25:51Z" duration-ms="48" status="PASS">
          <reporter-output>
          </reporter-output>
        </test-method> <!-- initBeforeSuite -->
        <test-method is-config="true" signature="beforeClass(java.lang.String, java.lang.String)[pri:0, instance:com.nopcommerce.user.Register@34e20e6b]" started-at="2023-03-25T15:25:51Z" name="beforeClass" finished-at="2023-03-25T15:25:57Z" duration-ms="6159" status="PASS">
          <params>
            <param index="0">
              <value>
                <![CDATA[firefox]]>
              </value>
            </param>
            <param index="1">
              <value>
                <![CDATA[https://demo.nopcommerce.com/]]>
              </value>
            </param>
          </params>
          <reporter-output>
          </reporter-output>
        </test-method> <!-- beforeClass -->
        <test-method signature="Register_01_Emty_Data(java.lang.reflect.Method)[pri:0, instance:com.nopcommerce.user.Register@34e20e6b]" started-at="2023-03-25T15:25:57Z" name="Register_01_Emty_Data" finished-at="2023-03-25T15:25:59Z" duration-ms="2147" status="PASS">
          <params>
            <param index="0">
              <value>
                <![CDATA[public void com.nopcommerce.user.Register.Register_01_Emty_Data(java.lang.reflect.Method)]]>
              </value>
            </param>
          </params>
          <reporter-output>
          </reporter-output>
        </test-method> <!-- Register_01_Emty_Data -->
        <test-method signature="Register_02_Invalid_Email(java.lang.reflect.Method)[pri:0, instance:com.nopcommerce.user.Register@34e20e6b]" started-at="2023-03-25T15:25:59Z" name="Register_02_Invalid_Email" finished-at="2023-03-25T15:26:02Z" duration-ms="2449" status="PASS">
          <params>
            <param index="0">
              <value>
                <![CDATA[public void com.nopcommerce.user.Register.Register_02_Invalid_Email(java.lang.reflect.Method)]]>
              </value>
            </param>
          </params>
          <reporter-output>
          </reporter-output>
        </test-method> <!-- Register_02_Invalid_Email -->
        <test-method signature="Register_03_Valid_Email_And_Password(java.lang.reflect.Method)[pri:0, instance:com.nopcommerce.user.Register@34e20e6b]" started-at="2023-03-25T15:26:02Z" name="Register_03_Valid_Email_And_Password" finished-at="2023-03-25T15:26:04Z" duration-ms="2796" status="PASS">
          <params>
            <param index="0">
              <value>
                <![CDATA[public void com.nopcommerce.user.Register.Register_03_Valid_Email_And_Password(java.lang.reflect.Method)]]>
              </value>
            </param>
          </params>
          <reporter-output>
          </reporter-output>
        </test-method> <!-- Register_03_Valid_Email_And_Password -->
        <test-method signature="Register_04_Existing_Email(java.lang.reflect.Method)[pri:0, instance:com.nopcommerce.user.Register@34e20e6b]" started-at="2023-03-25T15:26:04Z" name="Register_04_Existing_Email" finished-at="2023-03-25T15:26:07Z" duration-ms="2469" status="PASS">
          <params>
            <param index="0">
              <value>
                <![CDATA[public void com.nopcommerce.user.Register.Register_04_Existing_Email(java.lang.reflect.Method)]]>
              </value>
            </param>
          </params>
          <reporter-output>
          </reporter-output>
        </test-method> <!-- Register_04_Existing_Email -->
        <test-method signature="Register_05_Valid_Email_And_Password_Less_Than_6_Chars(java.lang.reflect.Method)[pri:0, instance:com.nopcommerce.user.Register@34e20e6b]" started-at="2023-03-25T15:26:07Z" name="Register_05_Valid_Email_And_Password_Less_Than_6_Chars" finished-at="2023-03-25T15:26:19Z" duration-ms="11998" status="FAIL">
          <params>
            <param index="0">
              <value>
                <![CDATA[public void com.nopcommerce.user.Register.Register_05_Valid_Email_And_Password_Less_Than_6_Chars(java.lang.reflect.Method)]]>
              </value>
            </param>
          </params>
          <exception class="org.openqa.selenium.TimeoutException">
            <message>
              <![CDATA[Expected condition failed: waiting for visibility of element located by By.xpath: //input[@id='123'] (tried for 10 second(s) with 500 milliseconds interval)]]>
            </message>
            <full-stacktrace>
              <![CDATA[org.openqa.selenium.TimeoutException: Expected condition failed: waiting for visibility of element located by By.xpath: //input[@id='123'] (tried for 10 second(s) with 500 milliseconds interval)
at org.openqa.selenium.support.ui.WebDriverWait.timeoutException(WebDriverWait.java:95)
at org.openqa.selenium.support.ui.FluentWait.until(FluentWait.java:272)
at commons.BasePage.waitForElementVisible(BasePage.java:614)
at PageObject.com.nopcommerce.RegisterPageObject.enterValueToTextoxByID(RegisterPageObject.java:22)
at com.nopcommerce.user.Register.Register_05_Valid_Email_And_Password_Less_Than_6_Chars(Register.java:225)
at java.base/jdk.internal.reflect.NativeMethodAccessorImpl.invoke0(Native Method)
at java.base/jdk.internal.reflect.NativeMethodAccessorImpl.invoke(NativeMethodAccessorImpl.java:62)
at java.base/jdk.internal.reflect.DelegatingMethodAccessorImpl.invoke(DelegatingMethodAccessorImpl.java:43)
at java.base/java.lang.reflect.Method.invoke(Method.java:566)
at org.testng.internal.MethodInvocationHelper.invokeMethod(MethodInvocationHelper.java:124)
at org.testng.internal.Invoker.invokeMethod(Invoker.java:583)
at org.testng.internal.Invoker.invokeTestMethod(Invoker.java:719)
at org.testng.internal.Invoker.invokeTestMethods(Invoker.java:989)
at org.testng.internal.TestMethodWorker.invokeTestMethods(TestMethodWorker.java:125)
at org.testng.internal.TestMethodWorker.run(TestMethodWorker.java:109)
at org.testng.TestRunner.privateRun(TestRunner.java:648)
at org.testng.TestRunner.run(TestRunner.java:505)
at org.testng.SuiteRunner.runTest(SuiteRunner.java:455)
at org.testng.SuiteRunner.access$000(SuiteRunner.java:40)
at org.testng.SuiteRunner$SuiteWorker.run(SuiteRunner.java:489)
at org.testng.internal.thread.ThreadUtil$1.call(ThreadUtil.java:52)
at java.base/java.util.concurrent.FutureTask.run(FutureTask.java:264)
at java.base/java.util.concurrent.ThreadPoolExecutor.runWorker(ThreadPoolExecutor.java:1128)
at java.base/java.util.concurrent.ThreadPoolExecutor$Worker.run(ThreadPoolExecutor.java:628)
at java.base/java.lang.Thread.run(Thread.java:834)
Caused by: org.openqa.selenium.NoSuchElementException: Unable to locate element: //input[@id='123']
For documentation on this error, please visit: https://www.seleniumhq.org/exceptions/no_such_element.html
Build info: version: '3.141.59', revision: 'e82be7d358', time: '2018-11-14T08:17:03'
System info: host: 'MacBook-Pro-cua-Nguyen.local', ip: '2001:ee1:db02:2450:8461:77a7:ef40:c126%en0', os.name: 'Mac OS X', os.arch: 'x86_64', os.version: '12.5', java.version: '11.0.14'
Driver info: org.openqa.selenium.firefox.FirefoxDriver
Capabilities {acceptInsecureCerts: true, browserName: firefox, browserVersion: 110.0.1, javascriptEnabled: true, moz:accessibilityChecks: false, moz:buildID: 20230227191043, moz:geckodriverVersion: 0.32.2, moz:headless: false, moz:platformVersion: 21.6.0, moz:processID: 2717, moz:profile: /var/folders/94/66kqk69579g..., moz:shutdownTimeout: 60000, moz:useNonSpecCompliantPointerOrigin: false, moz:webdriverClick: true, moz:windowless: false, pageLoadStrategy: normal, platform: MAC, platformName: MAC, proxy: Proxy(), setWindowRect: true, strictFileInteractability: false, timeouts: {implicit: 0, pageLoad: 300000, script: 30000}, unhandledPromptBehavior: dismiss and notify}
Session ID: 03f22cf8-cca8-4972-a311-aa44f8809779
*** Element info: {Using=xpath, value=//input[@id='123']}
at java.base/jdk.internal.reflect.NativeConstructorAccessorImpl.newInstance0(Native Method)
at java.base/jdk.internal.reflect.NativeConstructorAccessorImpl.newInstance(NativeConstructorAccessorImpl.java:62)
at java.base/jdk.internal.reflect.DelegatingConstructorAccessorImpl.newInstance(DelegatingConstructorAccessorImpl.java:45)
at java.base/java.lang.reflect.Constructor.newInstance(Constructor.java:490)
at org.openqa.selenium.remote.http.W3CHttpResponseCodec.createException(W3CHttpResponseCodec.java:187)
at org.openqa.selenium.remote.http.W3CHttpResponseCodec.decode(W3CHttpResponseCodec.java:122)
at org.openqa.selenium.remote.http.W3CHttpResponseCodec.decode(W3CHttpResponseCodec.java:49)
at org.openqa.selenium.remote.HttpCommandExecutor.execute(HttpCommandExecutor.java:158)
at org.openqa.selenium.remote.service.DriverCommandExecutor.execute(DriverCommandExecutor.java:83)
at org.openqa.selenium.remote.RemoteWebDriver.execute(RemoteWebDriver.java:552)
at org.openqa.selenium.remote.RemoteWebDriver.findElement(RemoteWebDriver.java:323)
at org.openqa.selenium.remote.RemoteWebDriver.findElementByXPath(RemoteWebDriver.java:428)
at org.openqa.selenium.By$ByXPath.findElement(By.java:353)
at org.openqa.selenium.remote.RemoteWebDriver.findElement(RemoteWebDriver.java:315)
at org.openqa.selenium.support.ui.ExpectedConditions$7.apply(ExpectedConditions.java:205)
at org.openqa.selenium.support.ui.ExpectedConditions$7.apply(ExpectedConditions.java:201)
at org.openqa.selenium.support.ui.FluentWait.until(FluentWait.java:249)
... 23 more
]]>
            </full-stacktrace>
          </exception> <!-- org.openqa.selenium.TimeoutException -->
          <reporter-output>
          </reporter-output>
        </test-method> <!-- Register_05_Valid_Email_And_Password_Less_Than_6_Chars -->
        <test-method signature="Register_06_Register_With_Incorrect_Confirm_Password(java.lang.reflect.Method)[pri:0, instance:com.nopcommerce.user.Register@34e20e6b]" started-at="2023-03-25T15:26:19Z" name="Register_06_Register_With_Incorrect_Confirm_Password" finished-at="2023-03-25T15:26:22Z" duration-ms="2831" status="PASS">
          <params>
            <param index="0">
              <value>
                <![CDATA[public void com.nopcommerce.user.Register.Register_06_Register_With_Incorrect_Confirm_Password(java.lang.reflect.Method)]]>
              </value>
            </param>
          </params>
          <reporter-output>
          </reporter-output>
        </test-method> <!-- Register_06_Register_With_Incorrect_Confirm_Password -->
        <test-method is-config="true" signature="afterClass()[pri:0, instance:com.nopcommerce.user.Register@34e20e6b]" started-at="2023-03-25T15:26:22Z" name="afterClass" finished-at="2023-03-25T15:26:22Z" duration-ms="454" status="PASS">
          <reporter-output>
            <line>
              <![CDATA[[INFO ] [2023-03-25 22:26:22,479] OS name = mac os x
<br>]]>
            </line>
            <line>
              <![CDATA[[INFO ] [2023-03-25 22:26:22,481] Driver instance name = firefoxdriver: firefox on mac (03f22cf8-cca8-4972-a311-aa44f8809779)
<br>]]>
            </line>
          </reporter-output>
        </test-method> <!-- afterClass -->
      </class> <!-- com.nopcommerce.user.Register -->
    </test> <!-- Run on firefox -->
  </suite> <!-- Nopcommerce -->
</testng-results>
